0 info it worked if it ends with ok
1 verbose cli [ '/usr/local/bin/node',
1 verbose cli   '/usr/local/bin/npm',
1 verbose cli   'run',
1 verbose cli   'client:test' ]
2 info using npm@3.10.10
3 info using node@v6.10.0
4 verbose run-script [ 'preclient:test', 'client:test', 'postclient:test' ]
5 info lifecycle document-management-system@1.0.0~preclient:test: document-management-system@1.0.0
6 silly lifecycle document-management-system@1.0.0~preclient:test: no script for preclient:test, continuing
7 info lifecycle document-management-system@1.0.0~client:test: document-management-system@1.0.0
8 verbose lifecycle document-management-system@1.0.0~client:test: unsafe-perm in lifecycle true
9 verbose lifecycle document-management-system@1.0.0~client:test: PATH: /usr/local/lib/node_modules/npm/bin/node-gyp-bin:/Users/andela/Documents/Work/Document-Management-System/node_modules/.bin:/usr/local/bin:/usr/bin:/bin:/usr/sbin:/sbin
10 verbose lifecycle document-management-system@1.0.0~client:test: CWD: /Users/andela/Documents/Work/Document-Management-System
11 silly lifecycle document-management-system@1.0.0~client:test: Args: [ '-c', 'nightwatch --config nightwatch.config.js' ]
12 silly lifecycle document-management-system@1.0.0~client:test: Returned: code: 1  signal: null
13 info lifecycle document-management-system@1.0.0~client:test: Failed to exec client:test script
14 verbose stack Error: document-management-system@1.0.0 client:test: `nightwatch --config nightwatch.config.js`
14 verbose stack Exit status 1
14 verbose stack     at EventEmitter.<anonymous> (/usr/local/lib/node_modules/npm/lib/utils/lifecycle.js:255:16)
14 verbose stack     at emitTwo (events.js:106:13)
14 verbose stack     at EventEmitter.emit (events.js:191:7)
14 verbose stack     at ChildProcess.<anonymous> (/usr/local/lib/node_modules/npm/lib/utils/spawn.js:40:14)
14 verbose stack     at emitTwo (events.js:106:13)
14 verbose stack     at ChildProcess.emit (events.js:191:7)
14 verbose stack     at maybeClose (internal/child_process.js:877:16)
14 verbose stack     at Process.ChildProcess._handle.onexit (internal/child_process.js:226:5)
15 verbose pkgid document-management-system@1.0.0
16 verbose cwd /Users/andela/Documents/Work/Document-Management-System
17 error Darwin 16.5.0
18 error argv "/usr/local/bin/node" "/usr/local/bin/npm" "run" "client:test"
19 error node v6.10.0
20 error npm  v3.10.10
21 error code ELIFECYCLE
22 error document-management-system@1.0.0 client:test: `nightwatch --config nightwatch.config.js`
22 error Exit status 1
23 error Failed at the document-management-system@1.0.0 client:test script 'nightwatch --config nightwatch.config.js'.
23 error Make sure you have the latest version of node.js and npm installed.
23 error If you do, this is most likely a problem with the document-management-system package,
23 error not with npm itself.
23 error Tell the author that this fails on your system:
23 error     nightwatch --config nightwatch.config.js
23 error You can get information on how to open an issue for this project with:
23 error     npm bugs document-management-system
23 error Or if that isn't available, you can get their info via:
23 error     npm owner ls document-management-system
23 error There is likely additional logging output above.
24 verbose exit [ 1, true ]
